<?xml version="1.0" encoding="UTF-8"?>
<robot generator="Robot 6.1.1 (Python 3.11.4 on win32)" generated="20230808 10:11:22.837" rpa="false" schemaversion="4">
<suite id="s1" name="Desafio2.3" source="f:\Download\Projetos\PHA\desafio2[3]\desafio2.3.robot">
<test id="s1-t1" name="Apresenta todas as frutas" line="24">
<kw name="Todas as frutas">
<kw name="Log To Console" library="BuiltIn">
<arg>*</arg>
<doc>Logs the given message to the console.</doc>
<status status="PASS" starttime="20230808 10:11:22.855" endtime="20230808 10:11:22.855"/>
</kw>
<for flavor="IN">
<var>${element}</var>
<value>@{FRUTAS}</value>
<iter>
<var name="${element}">banana</var>
<kw name="Log To Console" library="BuiltIn">
<arg>${element}</arg>
<doc>Logs the given message to the console.</doc>
<status status="PASS" starttime="20230808 10:11:22.856" endtime="20230808 10:11:22.856"/>
</kw>
<status status="PASS" starttime="20230808 10:11:22.856" endtime="20230808 10:11:22.856"/>
</iter>
<iter>
<var name="${element}">laranja</var>
<kw name="Log To Console" library="BuiltIn">
<arg>${element}</arg>
<doc>Logs the given message to the console.</doc>
<status status="PASS" starttime="20230808 10:11:22.856" endtime="20230808 10:11:22.857"/>
</kw>
<status status="PASS" starttime="20230808 10:11:22.856" endtime="20230808 10:11:22.857"/>
</iter>
<iter>
<var name="${element}">melão</var>
<kw name="Log To Console" library="BuiltIn">
<arg>${element}</arg>
<doc>Logs the given message to the console.</doc>
<status status="PASS" starttime="20230808 10:11:22.857" endtime="20230808 10:11:22.858"/>
</kw>
<status status="PASS" starttime="20230808 10:11:22.857" endtime="20230808 10:11:22.858"/>
</iter>
<iter>
<var name="${element}">melancia</var>
<kw name="Log To Console" library="BuiltIn">
<arg>${element}</arg>
<doc>Logs the given message to the console.</doc>
<status status="PASS" starttime="20230808 10:11:22.858" endtime="20230808 10:11:22.858"/>
</kw>
<status status="PASS" starttime="20230808 10:11:22.858" endtime="20230808 10:11:22.858"/>
</iter>
<iter>
<var name="${element}">maçã</var>
<kw name="Log To Console" library="BuiltIn">
<arg>${element}</arg>
<doc>Logs the given message to the console.</doc>
<status status="PASS" starttime="20230808 10:11:22.859" endtime="20230808 10:11:22.859"/>
</kw>
<status status="PASS" starttime="20230808 10:11:22.858" endtime="20230808 10:11:22.859"/>
</iter>
<iter>
<var name="${element}">ameixa</var>
<kw name="Log To Console" library="BuiltIn">
<arg>${element}</arg>
<doc>Logs the given message to the console.</doc>
<status status="PASS" starttime="20230808 10:11:22.859" endtime="20230808 10:11:22.860"/>
</kw>
<status status="PASS" starttime="20230808 10:11:22.859" endtime="20230808 10:11:22.860"/>
</iter>
<status status="PASS" starttime="20230808 10:11:22.855" endtime="20230808 10:11:22.860"/>
</for>
<status status="PASS" starttime="20230808 10:11:22.855" endtime="20230808 10:11:22.860"/>
</kw>
<status status="PASS" starttime="20230808 10:11:22.854" endtime="20230808 10:11:22.860"/>
</test>
<test id="s1-t2" name="Apresenta primeiras frutas" line="26">
<kw name="Primeiras frutas">
<kw name="Log To Console" library="BuiltIn">
<arg>*</arg>
<doc>Logs the given message to the console.</doc>
<status status="PASS" starttime="20230808 10:11:22.862" endtime="20230808 10:11:22.862"/>
</kw>
<for flavor="IN">
<var>${element}</var>
<value>@{FRUTAS}[0:3]</value>
<iter>
<var name="${element}">banana</var>
<kw name="Log To Console" library="BuiltIn">
<arg>${element}</arg>
<doc>Logs the given message to the console.</doc>
<status status="PASS" starttime="20230808 10:11:22.863" endtime="20230808 10:11:22.863"/>
</kw>
<status status="PASS" starttime="20230808 10:11:22.862" endtime="20230808 10:11:22.863"/>
</iter>
<iter>
<var name="${element}">laranja</var>
<kw name="Log To Console" library="BuiltIn">
<arg>${element}</arg>
<doc>Logs the given message to the console.</doc>
<status status="PASS" starttime="20230808 10:11:22.863" endtime="20230808 10:11:22.863"/>
</kw>
<status status="PASS" starttime="20230808 10:11:22.863" endtime="20230808 10:11:22.863"/>
</iter>
<iter>
<var name="${element}">melão</var>
<kw name="Log To Console" library="BuiltIn">
<arg>${element}</arg>
<doc>Logs the given message to the console.</doc>
<status status="PASS" starttime="20230808 10:11:22.864" endtime="20230808 10:11:22.864"/>
</kw>
<status status="PASS" starttime="20230808 10:11:22.864" endtime="20230808 10:11:22.864"/>
</iter>
<status status="PASS" starttime="20230808 10:11:22.862" endtime="20230808 10:11:22.864"/>
</for>
<status status="PASS" starttime="20230808 10:11:22.861" endtime="20230808 10:11:22.864"/>
</kw>
<status status="PASS" starttime="20230808 10:11:22.861" endtime="20230808 10:11:22.865"/>
</test>
<test id="s1-t3" name="Apresenta ultimas frutas" line="28">
<kw name="Ultimas frutas">
<kw name="Log To Console" library="BuiltIn">
<arg>*</arg>
<doc>Logs the given message to the console.</doc>
<status status="PASS" starttime="20230808 10:11:22.866" endtime="20230808 10:11:22.866"/>
</kw>
<for flavor="IN">
<var>${element}</var>
<value>@{FRUTAS}[3:5]</value>
<iter>
<var name="${element}">melancia</var>
<kw name="Log To Console" library="BuiltIn">
<arg>${element}</arg>
<doc>Logs the given message to the console.</doc>
<status status="PASS" starttime="20230808 10:11:22.866" endtime="20230808 10:11:22.866"/>
</kw>
<status status="PASS" starttime="20230808 10:11:22.866" endtime="20230808 10:11:22.867"/>
</iter>
<iter>
<var name="${element}">maçã</var>
<kw name="Log To Console" library="BuiltIn">
<arg>${element}</arg>
<doc>Logs the given message to the console.</doc>
<status status="PASS" starttime="20230808 10:11:22.867" endtime="20230808 10:11:22.867"/>
</kw>
<status status="PASS" starttime="20230808 10:11:22.867" endtime="20230808 10:11:22.867"/>
</iter>
<status status="PASS" starttime="20230808 10:11:22.866" endtime="20230808 10:11:22.867"/>
</for>
<status status="PASS" starttime="20230808 10:11:22.865" endtime="20230808 10:11:22.867"/>
</kw>
<status status="PASS" starttime="20230808 10:11:22.865" endtime="20230808 10:11:22.868"/>
</test>
<doc>Desafio 3 da Segunda Semana da Prime Hero Academy, usando For simples pra apresentar uma lista.</doc>
<status status="PASS" starttime="20230808 10:11:22.840" endtime="20230808 10:11:22.868"/>
</suite>
<statistics>
<total>
<stat pass="3" fail="0" skip="0">All Tests</stat>
</total>
<tag>
</tag>
<suite>
<stat pass="3" fail="0" skip="0" id="s1" name="Desafio2.3">Desafio2.3</stat>
</suite>
</statistics>
<errors>
</errors>
</robot>
